Flutter crash report.
Please report a bug at https://github.com/flutter/flutter/issues.

## command

flutter create C:\Users\ImPar\OneDrive\Documents\hihi\aaaa\azeaee\jpp\aaa\ppp\kjk\papapa\ata\az\azeazea\po\idealproject\idealproject\idealproject\idealproject\idealproject\idealproject\idealproject\idealproject\idealproject\idealproject\idealproject\idealproject\idealproject

## exception

ProcessException: ProcessException: The directory name is invalid.

  Command: C:\flutter\bin\cache\dart-sdk\bin\pub.bat --verbosity=warning get --no-precompile

```
#0      _ProcessImpl._start (dart:io-patch/process_patch.dart:390:33)
#1      Process.start (dart:io-patch/process_patch.dart:36:20)
#2      LocalProcessManager.start (package:process/src/interface/local_process_manager.dart:39:20)
#3      ErrorHandlingProcessManager.start.<anonymous closure> (package:flutter_tools/src/base/error_handling_io.dart:638:33)
#4      _run (package:flutter_tools/src/base/error_handling_io.dart:532:20)
#5      ErrorHandlingProcessManager.start (package:flutter_tools/src/base/error_handling_io.dart:638:12)
#6      _DefaultProcessUtils.start (package:flutter_tools/src/base/process.dart:472:28)
#7      _DefaultProcessUtils.stream (package:flutter_tools/src/base/process.dart:491:35)
#8      _DefaultPub.batch (package:flutter_tools/src/dart/pub.dart:282:34)
<asynchronous suspension>
#9      _DefaultPub.get (package:flutter_tools/src/dart/pub.dart:222:7)
<asynchronous suspension>
#10     CreateBase.generateApp (package:flutter_tools/src/commands/create_base.dart:406:7)
<asynchronous suspension>
#11     CreateCommand.runCommand (package:flutter_tools/src/commands/create.dart:259:31)
<asynchronous suspension>
#12     FlutterCommand.verifyThenRunCommand (package:flutter_tools/src/runner/flutter_command.dart:1157:12)
<asynchronous suspension>
#13     FlutterCommand.run.<anonymous closure> (package:flutter_tools/src/runner/flutter_command.dart:1009:27)
<asynchronous suspension>
#14     AppContext.run.<anonymous closure> (package:flutter_tools/src/base/context.dart:150:19)
<asynchronous suspension>
#15     AppContext.run (package:flutter_tools/src/base/context.dart:149:12)
<asynchronous suspension>
#16     CommandRunner.runCommand (package:args/command_runner.dart:197:13)
<asynchronous suspension>
#17     FlutterCommandRunner.runCommand.<anonymous closure> (package:flutter_tools/src/runner/flutter_command_runner.dart:278:9)
<asynchronous suspension>
#18     AppContext.run.<anonymous closure> (package:flutter_tools/src/base/context.dart:150:19)
<asynchronous suspension>
#19     AppContext.run (package:flutter_tools/src/base/context.dart:149:12)
<asynchronous suspension>
#20     FlutterCommandRunner.runCommand (package:flutter_tools/src/runner/flutter_command_runner.dart:234:5)
<asynchronous suspension>
#21     run.<anonymous closure>.<anonymous closure> (package:flutter_tools/runner.dart:64:9)
<asynchronous suspension>
#22     run.<anonymous closure> (package:flutter_tools/runner.dart:62:12)
<asynchronous suspension>
#23     AppContext.run.<anonymous closure> (package:flutter_tools/src/base/context.dart:150:19)
<asynchronous suspension>
#24     AppContext.run (package:flutter_tools/src/base/context.dart:149:12)
<asynchronous suspension>
#25     runInContext (package:flutter_tools/src/context_runner.dart:73:10)
<asynchronous suspension>
#26     main (package:flutter_tools/executable.dart:90:3)
<asynchronous suspension>
```

## flutter doctor

```
[✓] Flutter (Channel stable, 2.0.6, on Microsoft Windows [Version 10.0.19042.985], locale en-US)
    • Flutter version 2.0.6 at C:\flutter
    • Framework revision 1d9032c7e1 (3 weeks ago), 2021-04-29 17:37:58 -0700
    • Engine revision 05e680e202
    • Dart version 2.12.3

[!] Android toolchain - develop for Android devices (Android SDK version 30.0.2)
    • Android SDK at C:\Users\ImPar\AppData\Local\Android\sdk
    • Platform android-30, build-tools 30.0.2
    • Java binary at: C:\Program Files\Common Files\Oracle\Java\javapath\java.exe
    • Java version Java(TM) SE Runtime Environment (build 15+36-1562)
    ✗ Android license status unknown.
      Run `flutter doctor --android-licenses` to accept the SDK licenses.
      See https://flutter.dev/docs/get-started/install/windows#android-setup for more details.

[✗] Chrome - develop for the web (Cannot find Chrome executable at .\Google\Chrome\Application\chrome.exe)
    ! Cannot find Chrome. Try setting CHROME_EXECUTABLE to a Chrome executable.

[!] Android Studio (not installed)
    • Android Studio not found; download from https://developer.android.com/studio/index.html
      (or visit https://flutter.dev/docs/get-started/install/windows#android-setup for detailed instructions).

[✓] IntelliJ IDEA Ultimate Edition (version 2021.1)
    • IntelliJ at C:\Program Files\JetBrains\IntelliJ IDEA 2020.2.1
    • Flutter plugin version 56.0.5
    • Dart plugin version 211.7233

[✓] VS Code (version 1.53.2)
    • VS Code at C:\Users\ImPar\AppData\Local\Programs\Microsoft VS Code
    • Flutter extension can be installed from:
      🔨 https://marketplace.visualstudio.com/items?itemName=Dart-Code.flutter

[✓] Connected device (1 available)
    • Edge (web) • edge • web-javascript • Microsoft Edge 90.0.818.56

! Doctor found issues in 3 categories.
```
